[INFO ] 2024-01-10 19:12:52.833 [main] ReportManager - 
[0;7m------------------------------------------------------------------------------------------------------------------------------------------------
                                                    Powered by [1mSHAFT v.7.4.20231015[22m                                                    
------------------------------------------------------------------------------------------------------------------------------------------------
[0m
[INFO ] 2024-01-10 19:12:55.315 [main] ReportManager - Loaded OpenCV "opencv_java470".
[INFO ] 2024-01-10 19:12:55.316 [main] ReportManager - Initializing Allure Reporting Environment...
[INFO ] 2024-01-10 19:12:55.655 [main] ReportManager - Initializing Extent Reporting Environment...
[INFO ] 2024-01-10 19:12:57.144 [main] ReportManager - Initializing Summary Reporting Environment...
[INFO ] 2024-01-10 19:12:57.232 [main] ReportManager - TestNG run detected...
[INFO ] 2024-01-10 19:12:57.684 [main] ReportManager - File Action "DoesFileExist" successfully performed. With the following test data "File Path: "questionnaireFlowData.json"".
[INFO ] 2024-01-10 19:12:57.687 [main] ReportManager - File Action "DoesFileExist" successfully performed. With the following test data "File Path: "src/test/resources/testDataFiles/questionnaireFlowData.json"".
[INFO ] 2024-01-10 19:12:57.762 [main] ReportManager - File Action "GetAbsolutePath" successfully performed. With the following test data "Relative Folder Path: "src/test/resources/testDataFiles/questionnaireFlowData.json"".
[ERROR] 2024-01-10 19:12:57.903 [main] AllureLifecycle - Could not start step: no test case running
[ERROR] 2024-01-10 19:12:57.919 [main] AllureLifecycle - Could not add attachment: no test is running
[INFO ] 2024-01-10 19:12:57.925 [main] ReportManager - Successfully created attachment 'Test Data - JSON'
[ERROR] 2024-01-10 19:12:57.927 [main] AllureLifecycle - Could not update step: no step running
[ERROR] 2024-01-10 19:12:57.929 [main] AllureLifecycle - Could not stop step: no step running
[INFO ] 2024-01-10 19:12:57.930 [main] ReportManager - File Action "DoesFileExist" successfully performed. With the following test data "File Path: "oneTabRecommendationData.json"".
[INFO ] 2024-01-10 19:12:57.932 [main] ReportManager - File Action "DoesFileExist" successfully performed. With the following test data "File Path: "src/test/resources/testDataFiles/oneTabRecommendationData.json"".
[INFO ] 2024-01-10 19:12:57.933 [main] ReportManager - File Action "GetAbsolutePath" successfully performed. With the following test data "Relative Folder Path: "src/test/resources/testDataFiles/oneTabRecommendationData.json"".
[ERROR] 2024-01-10 19:12:57.937 [main] AllureLifecycle - Could not start step: no test case running
[ERROR] 2024-01-10 19:12:57.939 [main] AllureLifecycle - Could not add attachment: no test is running
[INFO ] 2024-01-10 19:12:57.947 [main] ReportManager - Successfully created attachment 'Test Data - JSON'
[ERROR] 2024-01-10 19:12:57.948 [main] AllureLifecycle - Could not update step: no step running
[ERROR] 2024-01-10 19:12:57.949 [main] AllureLifecycle - Could not stop step: no step running
[INFO ] 2024-01-10 19:12:57.952 [main] ReportManager - File Action "DoesFileExist" successfully performed. With the following test data "File Path: "twoTabsRecommendationData.json"".
[INFO ] 2024-01-10 19:12:57.953 [main] ReportManager - File Action "DoesFileExist" successfully performed. With the following test data "File Path: "src/test/resources/testDataFiles/twoTabsRecommendationData.json"".
[INFO ] 2024-01-10 19:12:57.955 [main] ReportManager - File Action "GetAbsolutePath" successfully performed. With the following test data "Relative Folder Path: "src/test/resources/testDataFiles/twoTabsRecommendationData.json"".
[ERROR] 2024-01-10 19:12:57.958 [main] AllureLifecycle - Could not start step: no test case running
[ERROR] 2024-01-10 19:12:57.960 [main] AllureLifecycle - Could not add attachment: no test is running
[INFO ] 2024-01-10 19:12:57.965 [main] ReportManager - Successfully created attachment 'Test Data - JSON'
[ERROR] 2024-01-10 19:12:57.966 [main] AllureLifecycle - Could not update step: no step running
[ERROR] 2024-01-10 19:12:57.966 [main] AllureLifecycle - Could not stop step: no step running
[INFO ] 2024-01-10 19:12:57.968 [main] ReportManager - File Action "DoesFileExist" successfully performed. With the following test data "File Path: "threeTabsRecommendationData.json"".
[INFO ] 2024-01-10 19:12:57.971 [main] ReportManager - File Action "DoesFileExist" successfully performed. With the following test data "File Path: "src/test/resources/testDataFiles/threeTabsRecommendationData.json"".
[INFO ] 2024-01-10 19:12:57.973 [main] ReportManager - File Action "GetAbsolutePath" successfully performed. With the following test data "Relative Folder Path: "src/test/resources/testDataFiles/threeTabsRecommendationData.json"".
[ERROR] 2024-01-10 19:12:57.980 [main] AllureLifecycle - Could not start step: no test case running
[ERROR] 2024-01-10 19:12:57.982 [main] AllureLifecycle - Could not add attachment: no test is running
[INFO ] 2024-01-10 19:12:57.986 [main] ReportManager - Successfully created attachment 'Test Data - JSON'
[ERROR] 2024-01-10 19:12:57.987 [main] AllureLifecycle - Could not update step: no step running
[ERROR] 2024-01-10 19:12:57.987 [main] AllureLifecycle - Could not stop step: no step running
[INFO ] 2024-01-10 19:12:58.287 [main] Utils - [TestNG] Running:
  C:\Users\MohsenM5\AppData\Local\JetBrains\IdeaIC2023.1\temp-testng-customsuite.xml

[INFO ] 2024-01-10 19:12:58.407 [main] ReportManager - 
[0;7m------------------------------------------------------------------------------------------------------------------------------------------------
                                             Starting execution of suite setup configuration method                                             
                                          'com.shaft.listeners.internal.ConfigurationHelper.suiteSetup'                                          
------------------------------------------------------------------------------------------------------------------------------------------------
[0m
[INFO ] 2024-01-10 19:12:58.790 [main] ReportManager - Initializing Important Links...
[INFO ] 2024-01-10 19:12:58.812 [main] ReportManager - Initializing Properties...
[INFO ] 2024-01-10 19:12:59.274 [main] ReportManager - 
[0;7m------------------------------------------------------------------------------------------------------------------------------------------------
                                             Starting execution of main set up configuration method                                             
                                        'tests.recommendations.dataValidations.dataValidations.mainSetUp'                                        
------------------------------------------------------------------------------------------------------------------------------------------------
[0m
[INFO ] 2024-01-10 19:12:59.428 [main] ReportManager - Setting "targetOperatingSystem" property with "windows".
[INFO ] 2024-01-10 19:12:59.483 [main] ReportManager - Capabilities {acceptInsecureCerts: true, browserName: chrome, goog:chromeOptions: {args: [--start-maximized, --remote-allow-origins=*, --enable-automation, --disable-background-timer-..., --disable-backgrounding-occ..., --disable-features=Calculat..., --disable-hang-monitor, --disable-domain-reliability, --disable-renderer-backgrou..., --disable-features=Autofill..., --metrics-recording-only, --no-first-run, --no-default-browser-check, --silent-debugger-extension..., --disable-extensions, --disable-component-extensi..., --disable-dev-shm-usage, --disable-features=MediaRouter, --disable-features=Translate, --disable-ipc-flooding-prot..., --disable-background-networ..., --mute-audio, --disable-breakpad, --ignore-certificate-errors, --disable-device-discovery-..., --force-color-profile=srgb, --hide-scrollbars, --host-resolver-rules, --no-pings, --disable-features=AvoidUnn..., --disable-features=Certific..., --disable-sync, --disable-features=Optimiza..., --disable-features=DialMedi..., --disable-features=GlobalMe..., --disable-features=Improved..., --disable-features=LazyFram..., --disable-field-trial-config, --enable-features=NetworkSe..., --enable-features=NetworkSe..., --enable-use-zoom-for-dsf, --log-net-log, --net-log-capture-mode, --disable-client-side-phish..., --disable-default-apps, --disable-features=Interest...], extensions: [], prefs: {download.default_directory: C:\Users\MohsenM5\IdeaProje..., download.prompt_for_download: false, profile.default_content_settings.popups: 0}}, pageLoadStrategy: none, timeouts: {pageLoad: 30000, script: 30000}, unhandledPromptBehavior: ignore, webSocketUrl: true}
[INFO ] 2024-01-10 19:12:59.486 [main] ReportManager - Attempting to run locally on: "windows | Chrome".
[INFO ] 2024-01-10 19:12:59.486 [main] ReportManager - Identifying OS/Driver combination. Please note that if a new browser/driver executable will be downloaded it may take some time depending on your connection...
[INFO ] 2024-01-10 19:13:16.931 [main] ReportManager - Attempting to run locally on: "windows | Chrome".
[INFO ] 2024-01-10 19:13:16.932 [main] ReportManager - Identifying OS/Driver combination. Please note that if a new browser/driver executable will be downloaded it may take some time depending on your connection...
[WARN ] 2024-01-10 19:13:24.645 [main] ReportManager - Jan 10, 2024 7:13:24 PM org.openqa.selenium.devtools.CdpVersionFinder findNearestMatch
[WARN ] 2024-01-10 19:13:24.646 [main] ReportManager - WARNING: Unable to find an exact match for CDP version 120, so returning the closest version found: 117
[INFO ] 2024-01-10 19:13:24.678 [main] ReportManager - Successfully Opened: "windows | Chrome".
[INFO ] 2024-01-10 19:13:24.712 [main] ReportManager - Successfully created attachment 'Driver factory helper - Get  stack  trace - Exception Stacktrace'
[INFO ] 2024-01-10 19:13:25.085 [main] ReportManager - 
[0;7m------------------------------------------------------------------------------------------------------------------------------------------------
                                                Starting execution of set up configuration method                                                
                                          'tests.recommendations.dataValidations.dataValidations.setUp'                                          
------------------------------------------------------------------------------------------------------------------------------------------------
[0m
[INFO ] 2024-01-10 19:13:25.125 [main] ReportManager - 
[0;7m------------------------------------------------------------------------------------------------------------------------------------------------
                                        Starting Execution: '1 out of 1' test cases in the current suite                                        
                                  Test Method: 'tests.recommendations.dataValidations.dataValidations.testing'                                  
------------------------------------------------------------------------------------------------------------------------------------------------
[0m
[INFO ] 2024-01-10 19:13:25.185 [main] ReportManager - Successfully created attachment 'SHAFT Engine Logs - Current Method log: mainSetUp'
[INFO ] 2024-01-10 19:13:25.194 [main] ReportManager - Successfully created attachment 'SHAFT Engine Logs - Current Method log: testing'
[INFO ] 2024-01-10 19:13:25.194 [main] ReportManager - 
[0;7m------------------------------------------------------------------------------------------------------------------------------------------------
                       Finished Execution of Test Method: 'tests.recommendations.dataValidations.dataValidations.testing'                       
                                                             Test Status: 'Skipped'                                                             
------------------------------------------------------------------------------------------------------------------------------------------------
[0m
[INFO ] 2024-01-10 19:13:25.297 [main] ReportManager - 
[0;7m------------------------------------------------------------------------------------------------------------------------------------------------
                                           Starting execution of engine teardown configuration method                                           
                                        'com.shaft.listeners.internal.ConfigurationHelper.engineTeardown'                                        
------------------------------------------------------------------------------------------------------------------------------------------------
[0m
[INFO ] 2024-01-10 19:13:25.302 [main] ReportManager - Successfully created attachment 'SHAFT Engine Logs - Execution log'
[INFO ] 2024-01-10 19:13:25.308 [main] ReportManager - File Action "DoesFileExist" successfully performed. With the following test data "File Path: "target/logs/log4j.log"".
[INFO ] 2024-01-10 19:13:25.314 [main] ReportManager - File Action "GetAbsolutePath" successfully performed. With the following test data "Relative Folder Path: "target/logs/log4j.log"".
[INFO ] 2024-01-10 19:13:25.499 [main] ReportManager - File Action "ReadFileAsByteArray" successfully performed. With the following test data "File Path: "C:\Users\MohsenM5\IdeaProjects\R10-OPW-QA-TestSuites-e2e\target\logs\log4j.log"".
[INFO ] 2024-01-10 19:13:25.506 [main] ReportManager - File Action "DeleteFile" successfully performed. With the following test data "Target File Path: "target/logs/log4j.log", file was not deleted.".
[INFO ] 2024-01-10 19:13:25.509 [main] ReportManager - Successfully created attachment 'SHAFT Engine Logs - Execution log: 20240110-191325'
[DEBUG] 2024-01-10 19:13:25.686 [main] cache - Couldn't find template in cache for "spark/spark.spa.ftl"("en_US", UTF-8, parsed); will try to load it.
[DEBUG] 2024-01-10 19:13:25.690 [main] cache - TemplateLoader.findTemplateSource("spark/spark.spa_en_US.ftl"): Not found
[DEBUG] 2024-01-10 19:13:25.696 [main] cache - TemplateLoader.findTemplateSource("spark/spark.spa_en.ftl"): Not found
[DEBUG] 2024-01-10 19:13:25.698 [main] cache - TemplateLoader.findTemplateSource("spark/spark.spa.ftl"): Found
[DEBUG] 2024-01-10 19:13:25.699 [main] cache - Loading template for "spark/spark.spa.ftl"("en_US", UTF-8, parsed) from "jar:file:/C:/Users/MohsenM5/.m2/repository/com/aventstack/extentreports/5.1.0/extentreports-5.1.0.jar!/com/aventstack/extentreports/templates/spark/spark.spa.ftl"
[DEBUG] 2024-01-10 19:13:25.964 [main] cache - Couldn't find template in cache for "commons/commons-variables.ftl"("en_US", UTF-8, parsed); will try to load it.
[DEBUG] 2024-01-10 19:13:25.965 [main] cache - TemplateLoader.findTemplateSource("commons/commons-variables_en_US.ftl"): Not found
[DEBUG] 2024-01-10 19:13:25.965 [main] cache - TemplateLoader.findTemplateSource("commons/commons-variables_en.ftl"): Not found
[DEBUG] 2024-01-10 19:13:25.966 [main] cache - TemplateLoader.findTemplateSource("commons/commons-variables.ftl"): Found
[DEBUG] 2024-01-10 19:13:25.966 [main] cache - Loading template for "commons/commons-variables.ftl"("en_US", UTF-8, parsed) from "jar:file:/C:/Users/MohsenM5/.m2/repository/com/aventstack/extentreports/5.1.0/extentreports-5.1.0.jar!/com/aventstack/extentreports/templates/commons/commons-variables.ftl"
[DEBUG] 2024-01-10 19:13:26.263 [main] cache - Couldn't find template in cache for "commons/commons-macros.ftl"("en_US", UTF-8, parsed); will try to load it.
[DEBUG] 2024-01-10 19:13:26.264 [main] cache - TemplateLoader.findTemplateSource("commons/commons-macros_en_US.ftl"): Not found
[DEBUG] 2024-01-10 19:13:26.265 [main] cache - TemplateLoader.findTemplateSource("commons/commons-macros_en.ftl"): Not found
[DEBUG] 2024-01-10 19:13:26.266 [main] cache - TemplateLoader.findTemplateSource("commons/commons-macros.ftl"): Found
[DEBUG] 2024-01-10 19:13:26.266 [main] cache - Loading template for "commons/commons-macros.ftl"("en_US", UTF-8, parsed) from "jar:file:/C:/Users/MohsenM5/.m2/repository/com/aventstack/extentreports/5.1.0/extentreports-5.1.0.jar!/com/aventstack/extentreports/templates/commons/commons-macros.ftl"
[DEBUG] 2024-01-10 19:13:26.288 [main] cache - Couldn't find template in cache for "spark/macros/attributes.ftl"("en_US", UTF-8, parsed); will try to load it.
[DEBUG] 2024-01-10 19:13:26.289 [main] cache - TemplateLoader.findTemplateSource("spark/macros/attributes_en_US.ftl"): Not found
[DEBUG] 2024-01-10 19:13:26.290 [main] cache - TemplateLoader.findTemplateSource("spark/macros/attributes_en.ftl"): Not found
[DEBUG] 2024-01-10 19:13:26.290 [main] cache - TemplateLoader.findTemplateSource("spark/macros/attributes.ftl"): Found
[DEBUG] 2024-01-10 19:13:26.290 [main] cache - Loading template for "spark/macros/attributes.ftl"("en_US", UTF-8, parsed) from "jar:file:/C:/Users/MohsenM5/.m2/repository/com/aventstack/extentreports/5.1.0/extentreports-5.1.0.jar!/com/aventstack/extentreports/templates/spark/macros/attributes.ftl"
[DEBUG] 2024-01-10 19:13:26.294 [main] cache - Couldn't find template in cache for "spark/macros/log.ftl"("en_US", UTF-8, parsed); will try to load it.
[DEBUG] 2024-01-10 19:13:26.295 [main] cache - TemplateLoader.findTemplateSource("spark/macros/log_en_US.ftl"): Not found
[DEBUG] 2024-01-10 19:13:26.296 [main] cache - TemplateLoader.findTemplateSource("spark/macros/log_en.ftl"): Not found
[DEBUG] 2024-01-10 19:13:26.296 [main] cache - TemplateLoader.findTemplateSource("spark/macros/log.ftl"): Found
[DEBUG] 2024-01-10 19:13:26.296 [main] cache - Loading template for "spark/macros/log.ftl"("en_US", UTF-8, parsed) from "jar:file:/C:/Users/MohsenM5/.m2/repository/com/aventstack/extentreports/5.1.0/extentreports-5.1.0.jar!/com/aventstack/extentreports/templates/spark/macros/log.ftl"
[DEBUG] 2024-01-10 19:13:26.309 [main] cache - Couldn't find template in cache for "spark/macros/recurse_nodes.ftl"("en_US", UTF-8, parsed); will try to load it.
[DEBUG] 2024-01-10 19:13:26.310 [main] cache - TemplateLoader.findTemplateSource("spark/macros/recurse_nodes_en_US.ftl"): Not found
[DEBUG] 2024-01-10 19:13:26.311 [main] cache - TemplateLoader.findTemplateSource("spark/macros/recurse_nodes_en.ftl"): Not found
[DEBUG] 2024-01-10 19:13:26.311 [main] cache - TemplateLoader.findTemplateSource("spark/macros/recurse_nodes.ftl"): Found
[DEBUG] 2024-01-10 19:13:26.312 [main] cache - Loading template for "spark/macros/recurse_nodes.ftl"("en_US", UTF-8, parsed) from "jar:file:/C:/Users/MohsenM5/.m2/repository/com/aventstack/extentreports/5.1.0/extentreports-5.1.0.jar!/com/aventstack/extentreports/templates/spark/macros/recurse_nodes.ftl"
[DEBUG] 2024-01-10 19:13:26.319 [main] cache - "spark/macros/log.ftl"("en_US", UTF-8, parsed) cached copy not yet stale; using cached.
[DEBUG] 2024-01-10 19:13:26.319 [main] cache - Couldn't find template in cache for "spark/macros/attr-common.ftl"("en_US", UTF-8, parsed); will try to load it.
[DEBUG] 2024-01-10 19:13:26.320 [main] cache - TemplateLoader.findTemplateSource("spark/macros/attr-common_en_US.ftl"): Not found
[DEBUG] 2024-01-10 19:13:26.321 [main] cache - TemplateLoader.findTemplateSource("spark/macros/attr-common_en.ftl"): Not found
[DEBUG] 2024-01-10 19:13:26.322 [main] cache - TemplateLoader.findTemplateSource("spark/macros/attr-common.ftl"): Found
[DEBUG] 2024-01-10 19:13:26.322 [main] cache - Loading template for "spark/macros/attr-common.ftl"("en_US", UTF-8, parsed) from "jar:file:/C:/Users/MohsenM5/.m2/repository/com/aventstack/extentreports/5.1.0/extentreports-5.1.0.jar!/com/aventstack/extentreports/templates/spark/macros/attr-common.ftl"
[DEBUG] 2024-01-10 19:13:26.336 [main] cache - Couldn't find template in cache for "spark/partials/head.ftl"("en_US", UTF-8, parsed); will try to load it.
[DEBUG] 2024-01-10 19:13:26.337 [main] cache - TemplateLoader.findTemplateSource("spark/partials/head_en_US.ftl"): Not found
[DEBUG] 2024-01-10 19:13:26.337 [main] cache - TemplateLoader.findTemplateSource("spark/partials/head_en.ftl"): Not found
[DEBUG] 2024-01-10 19:13:26.338 [main] cache - TemplateLoader.findTemplateSource("spark/partials/head.ftl"): Found
[DEBUG] 2024-01-10 19:13:26.338 [main] cache - Loading template for "spark/partials/head.ftl"("en_US", UTF-8, parsed) from "jar:file:/C:/Users/MohsenM5/.m2/repository/com/aventstack/extentreports/5.1.0/extentreports-5.1.0.jar!/com/aventstack/extentreports/templates/spark/partials/head.ftl"
[DEBUG] 2024-01-10 19:13:26.346 [main] cache - Couldn't find template in cache for "commons/commons-inject-css.ftl"("en_US", UTF-8, parsed); will try to load it.
[DEBUG] 2024-01-10 19:13:26.347 [main] cache - TemplateLoader.findTemplateSource("commons/commons-inject-css_en_US.ftl"): Not found
[DEBUG] 2024-01-10 19:13:26.347 [main] cache - TemplateLoader.findTemplateSource("commons/commons-inject-css_en.ftl"): Not found
[DEBUG] 2024-01-10 19:13:26.348 [main] cache - TemplateLoader.findTemplateSource("commons/commons-inject-css.ftl"): Found
[DEBUG] 2024-01-10 19:13:26.349 [main] cache - Loading template for "commons/commons-inject-css.ftl"("en_US", UTF-8, parsed) from "jar:file:/C:/Users/MohsenM5/.m2/repository/com/aventstack/extentreports/5.1.0/extentreports-5.1.0.jar!/com/aventstack/extentreports/templates/commons/commons-inject-css.ftl"
[DEBUG] 2024-01-10 19:13:26.350 [main] cache - Couldn't find template in cache for "spark/partials/navbar.ftl"("en_US", UTF-8, parsed); will try to load it.
[DEBUG] 2024-01-10 19:13:26.351 [main] cache - TemplateLoader.findTemplateSource("spark/partials/navbar_en_US.ftl"): Not found
[DEBUG] 2024-01-10 19:13:26.352 [main] cache - TemplateLoader.findTemplateSource("spark/partials/navbar_en.ftl"): Not found
[DEBUG] 2024-01-10 19:13:26.353 [main] cache - TemplateLoader.findTemplateSource("spark/partials/navbar.ftl"): Found
[DEBUG] 2024-01-10 19:13:26.353 [main] cache - Loading template for "spark/partials/navbar.ftl"("en_US", UTF-8, parsed) from "jar:file:/C:/Users/MohsenM5/.m2/repository/com/aventstack/extentreports/5.1.0/extentreports-5.1.0.jar!/com/aventstack/extentreports/templates/spark/partials/navbar.ftl"
[DEBUG] 2024-01-10 19:13:26.370 [main] cache - Couldn't find template in cache for "spark/partials/sidenav.ftl"("en_US", UTF-8, parsed); will try to load it.
[DEBUG] 2024-01-10 19:13:26.371 [main] cache - TemplateLoader.findTemplateSource("spark/partials/sidenav_en_US.ftl"): Not found
[DEBUG] 2024-01-10 19:13:26.372 [main] cache - TemplateLoader.findTemplateSource("spark/partials/sidenav_en.ftl"): Not found
[DEBUG] 2024-01-10 19:13:26.372 [main] cache - TemplateLoader.findTemplateSource("spark/partials/sidenav.ftl"): Found
[DEBUG] 2024-01-10 19:13:26.372 [main] cache - Loading template for "spark/partials/sidenav.ftl"("en_US", UTF-8, parsed) from "jar:file:/C:/Users/MohsenM5/.m2/repository/com/aventstack/extentreports/5.1.0/extentreports-5.1.0.jar!/com/aventstack/extentreports/templates/spark/partials/sidenav.ftl"
[DEBUG] 2024-01-10 19:13:26.403 [main] cache - Couldn't find template in cache for "spark/partials/dashboard.ftl"("en_US", UTF-8, parsed); will try to load it.
[DEBUG] 2024-01-10 19:13:26.404 [main] cache - TemplateLoader.findTemplateSource("spark/partials/dashboard_en_US.ftl"): Not found
[DEBUG] 2024-01-10 19:13:26.405 [main] cache - TemplateLoader.findTemplateSource("spark/partials/dashboard_en.ftl"): Not found
[DEBUG] 2024-01-10 19:13:26.406 [main] cache - TemplateLoader.findTemplateSource("spark/partials/dashboard.ftl"): Found
[DEBUG] 2024-01-10 19:13:26.406 [main] cache - Loading template for "spark/partials/dashboard.ftl"("en_US", UTF-8, parsed) from "jar:file:/C:/Users/MohsenM5/.m2/repository/com/aventstack/extentreports/5.1.0/extentreports-5.1.0.jar!/com/aventstack/extentreports/templates/spark/partials/dashboard.ftl"
[DEBUG] 2024-01-10 19:13:26.552 [main] cache - Couldn't find template in cache for "spark/partials/test.ftl"("en_US", UTF-8, parsed); will try to load it.
[DEBUG] 2024-01-10 19:13:26.554 [main] cache - TemplateLoader.findTemplateSource("spark/partials/test_en_US.ftl"): Not found
[DEBUG] 2024-01-10 19:13:26.555 [main] cache - TemplateLoader.findTemplateSource("spark/partials/test_en.ftl"): Not found
[DEBUG] 2024-01-10 19:13:26.556 [main] cache - TemplateLoader.findTemplateSource("spark/partials/test.ftl"): Found
[DEBUG] 2024-01-10 19:13:26.557 [main] cache - Loading template for "spark/partials/test.ftl"("en_US", UTF-8, parsed) from "jar:file:/C:/Users/MohsenM5/.m2/repository/com/aventstack/extentreports/5.1.0/extentreports-5.1.0.jar!/com/aventstack/extentreports/templates/spark/partials/test.ftl"
[DEBUG] 2024-01-10 19:13:26.594 [main] cache - Couldn't find template in cache for "spark/partials/standard-content.ftl"("en_US", UTF-8, parsed); will try to load it.
[DEBUG] 2024-01-10 19:13:26.595 [main] cache - TemplateLoader.findTemplateSource("spark/partials/standard-content_en_US.ftl"): Not found
[DEBUG] 2024-01-10 19:13:26.596 [main] cache - TemplateLoader.findTemplateSource("spark/partials/standard-content_en.ftl"): Not found
[DEBUG] 2024-01-10 19:13:26.597 [main] cache - TemplateLoader.findTemplateSource("spark/partials/standard-content.ftl"): Found
[DEBUG] 2024-01-10 19:13:26.597 [main] cache - Loading template for "spark/partials/standard-content.ftl"("en_US", UTF-8, parsed) from "jar:file:/C:/Users/MohsenM5/.m2/repository/com/aventstack/extentreports/5.1.0/extentreports-5.1.0.jar!/com/aventstack/extentreports/templates/spark/partials/standard-content.ftl"
[DEBUG] 2024-01-10 19:13:26.617 [main] cache - Couldn't find template in cache for "spark/partials/exception.ftl"("en_US", UTF-8, parsed); will try to load it.
[DEBUG] 2024-01-10 19:13:26.618 [main] cache - TemplateLoader.findTemplateSource("spark/partials/exception_en_US.ftl"): Not found
[DEBUG] 2024-01-10 19:13:26.619 [main] cache - TemplateLoader.findTemplateSource("spark/partials/exception_en.ftl"): Not found
[DEBUG] 2024-01-10 19:13:26.620 [main] cache - TemplateLoader.findTemplateSource("spark/partials/exception.ftl"): Found
[DEBUG] 2024-01-10 19:13:26.620 [main] cache - Loading template for "spark/partials/exception.ftl"("en_US", UTF-8, parsed) from "jar:file:/C:/Users/MohsenM5/.m2/repository/com/aventstack/extentreports/5.1.0/extentreports-5.1.0.jar!/com/aventstack/extentreports/templates/spark/partials/exception.ftl"
[DEBUG] 2024-01-10 19:13:26.630 [main] cache - Couldn't find template in cache for "spark/partials/log.ftl"("en_US", UTF-8, parsed); will try to load it.
[DEBUG] 2024-01-10 19:13:26.631 [main] cache - TemplateLoader.findTemplateSource("spark/partials/log_en_US.ftl"): Not found
[DEBUG] 2024-01-10 19:13:26.633 [main] cache - TemplateLoader.findTemplateSource("spark/partials/log_en.ftl"): Not found
[DEBUG] 2024-01-10 19:13:26.633 [main] cache - TemplateLoader.findTemplateSource("spark/partials/log.ftl"): Found
[DEBUG] 2024-01-10 19:13:26.634 [main] cache - Loading template for "spark/partials/log.ftl"("en_US", UTF-8, parsed) from "jar:file:/C:/Users/MohsenM5/.m2/repository/com/aventstack/extentreports/5.1.0/extentreports-5.1.0.jar!/com/aventstack/extentreports/templates/spark/partials/log.ftl"
[DEBUG] 2024-01-10 19:13:26.636 [main] cache - Couldn't find template in cache for "spark/partials/scripts.ftl"("en_US", UTF-8, parsed); will try to load it.
[DEBUG] 2024-01-10 19:13:26.637 [main] cache - TemplateLoader.findTemplateSource("spark/partials/scripts_en_US.ftl"): Not found
[DEBUG] 2024-01-10 19:13:26.639 [main] cache - TemplateLoader.findTemplateSource("spark/partials/scripts_en.ftl"): Not found
[DEBUG] 2024-01-10 19:13:26.639 [main] cache - TemplateLoader.findTemplateSource("spark/partials/scripts.ftl"): Found
[DEBUG] 2024-01-10 19:13:26.640 [main] cache - Loading template for "spark/partials/scripts.ftl"("en_US", UTF-8, parsed) from "jar:file:/C:/Users/MohsenM5/.m2/repository/com/aventstack/extentreports/5.1.0/extentreports-5.1.0.jar!/com/aventstack/extentreports/templates/spark/partials/scripts.ftl"
[DEBUG] 2024-01-10 19:13:26.643 [main] cache - Couldn't find template in cache for "commons/commons-inject-js.ftl"("en_US", UTF-8, parsed); will try to load it.
[DEBUG] 2024-01-10 19:13:26.643 [main] cache - TemplateLoader.findTemplateSource("commons/commons-inject-js_en_US.ftl"): Not found
[DEBUG] 2024-01-10 19:13:26.644 [main] cache - TemplateLoader.findTemplateSource("commons/commons-inject-js_en.ftl"): Not found
[DEBUG] 2024-01-10 19:13:26.645 [main] cache - TemplateLoader.findTemplateSource("commons/commons-inject-js.ftl"): Found
[DEBUG] 2024-01-10 19:13:26.645 [main] cache - Loading template for "commons/commons-inject-js.ftl"("en_US", UTF-8, parsed) from "jar:file:/C:/Users/MohsenM5/.m2/repository/com/aventstack/extentreports/5.1.0/extentreports-5.1.0.jar!/com/aventstack/extentreports/templates/commons/commons-inject-js.ftl"
[INFO ] 2024-01-10 19:13:26.657 [main] ReportManager - File Action "DoesFileExist" successfully performed. With the following test data "File Path: "allure-results/cucumberReport.html"".
[INFO ] 2024-01-10 19:13:26.667 [main] ReportManager - Successfully created attachment 'HTML - Checkpoints Report'
[INFO ] 2024-01-10 19:13:26.681 [main] ReportManager - Successfully created attachment 'SHAFT Engine Logs - Issues log CSV: 20240110-191326'
[INFO ] 2024-01-10 19:13:27.608 [main] ReportManager - Successfully Closed Driver.
[INFO ] 2024-01-10 19:13:27.621 [main] ReportManager - ===============================================
[INFO ] 2024-01-10 19:13:27.621 [main] ReportManager - Default Suite
[INFO ] 2024-01-10 19:13:27.621 [main] ReportManager - Total tests run: 1, Passes: 0, Failures: 0, Skips: 1
[INFO ] 2024-01-10 19:13:27.622 [main] ReportManager - Configuration Failures: 1, Skips: 1
[INFO ] 2024-01-10 19:13:27.622 [main] ReportManager - ===============================================
[INFO ] 2024-01-10 19:13:27.643 [main] ReportManager - File Action "GetAbsolutePath" successfully performed. With the following test data "Relative File Path: "execution-summary/ExecutionSummaryReport_10-01-2024_19-13-27-0628-PM.html"".
[INFO ] 2024-01-10 19:13:27.652 [main] ReportManager - File Action "WriteToFile" successfully performed. With the following test data "Target File Path: "C:\Users\MohsenM5\IdeaProjects\R10-OPW-QA-TestSuites-e2e\execution-summary\ExecutionSummaryReport_10-01-2024_19-13-27-0628-PM.html"".
[INFO ] 2024-01-10 19:13:27.671 [main] ReportManager - Executing: ".\execution-summary/ExecutionSummaryReport_*.html" locally.
[INFO ] 2024-01-10 19:13:28.293 [main] ReportManager - Terminal Action "PerformTerminalCommands" successfully performed. With the following test data "Host Name: "localHost" | Command: ".\execution-summary/ExecutionSummaryReport_*.html" | Exit Status: "0"".
[INFO ] 2024-01-10 19:13:28.294 [main] ReportManager - 
[0;7m------------------------------------------------------------------------------------------------------------------------------------------------
                                                         Test Execution Summary Results                                                         
                                              Total Cases: 1 --> Passed: 0 | Failed: 0 | Skipped: 1                                              
------------------------------------------------------------------------------------------------------------------------------------------------
[0m
[INFO ] 2024-01-10 19:13:28.296 [main] ReportManager - 
[0;7m------------------------------------------------------------------------------------------------------------------------------------------------
                                           This test run was powered by [1mSHAFT v.7.4.20231015[22m                                           
                               SHAFT [1;4mis and will always be 100% FREE[22;24m for commercial and private use                               
                                                   in compliance with the [1mMIT license[22m                                                   
                                   Visit SHAFT's user guide [4mhttps://shafthq.github.io/[24m to learn more                                   
------------------------------------------------------------------------------------------------------------------------------------------------
[0m
